<?xml version="1.0" encoding="UTF-8"?>
<!-- Generated by org.testng.reporters.JUnitReportReporter -->
<testsuite hostname="DESKTOP-BF8K1BJ" failures="0" tests="2" name="Testcases.TestRun" time="2.964" errors="0" timestamp="2023-11-29T20:10:19 IST" skipped="0">
  <testcase classname="Testcases.TestRun" name="searchitem" time="0.829"/>
  <system-out/>
  <testcase classname="Testcases.TestRun" name="searchphone" time="2.135"/>
  <system-out/>
</testsuite> <!-- Testcases.TestRun -->
